[10:27:29] [main/WARN]: Ambiguity between arguments [teleport, destination] and [teleport, targets] with inputs: [Player, 0123, @e, dd12be42-52a9-4a91-a8a1-11c01849e498]
[10:27:29] [main/WARN]: Ambiguity between arguments [teleport, location] and [teleport, destination] with inputs: [0.1 -0.5 .9, 0 0 0]
[10:27:29] [main/WARN]: Ambiguity between arguments [teleport, location] and [teleport, targets] with inputs: [0.1 -0.5 .9, 0 0 0]
[10:27:29] [main/WARN]: Ambiguity between arguments [teleport, targets] and [teleport, destination] with inputs: [Player, 0123, dd12be42-52a9-4a91-a8a1-11c01849e498]
[10:27:29] [main/WARN]: Ambiguity between arguments [teleport, targets, location] and [teleport, targets, destination] with inputs: [0.1 -0.5 .9, 0 0 0]
[10:27:29] [main/INFO]: Reloading ResourceManager: Default
[10:27:31] [Worker-Main-2/INFO]: Loaded 7 recipes
[10:27:32] [Worker-Main-2/INFO]: Loaded 927 advancements
[10:27:34] [Server thread/INFO]: Starting minecraft server version 1.16.3
[10:27:34] [Server thread/INFO]: Loading properties
[10:27:34] [Server thread/INFO]: Default game type: SURVIVAL
[10:27:34] [Server thread/INFO]: Generating keypair
[10:27:35] [Server thread/INFO]: Starting Minecraft server on 167.99.141.37:25565
[10:27:35] [Server thread/INFO]: Using epoll channel type
[10:27:35] [Server thread/WARN]: **** SERVER IS RUNNING IN OFFLINE/INSECURE MODE!
[10:27:35] [Server thread/WARN]: The server will make no attempt to authenticate usernames. Beware.
[10:27:35] [Server thread/WARN]: While this makes the game possible to play without internet access, it also opens up the ability for hackers to connect with any username they choose.
[10:27:35] [Server thread/WARN]: To change this, set "online-mode" to "true" in the server.properties file.
[10:27:35] [Server thread/INFO]: Preparing level "world"
[10:27:35] [Server thread/INFO]: Preparing start region for dimension minecraft:overworld
[10:27:38] [Server thread/INFO]: Preparing spawn area: 0%
[10:27:38] [Server thread/INFO]: Preparing spawn area: 0%
[10:27:38] [Server thread/INFO]: Preparing spawn area: 0%
[10:27:38] [Server thread/INFO]: Preparing spawn area: 0%
[10:27:38] [Server thread/INFO]: Preparing spawn area: 0%
[10:27:38] [Server thread/INFO]: Preparing spawn area: 0%
[10:27:38] [Server thread/INFO]: Preparing spawn area: 0%
[10:27:39] [Server thread/INFO]: Preparing spawn area: 39%
[10:27:40] [Server thread/INFO]: Time elapsed: 4562 ms
[10:27:40] [Server thread/INFO]: Done (4.717s)! For help, type "help"
